<?xml version="1.0" encoding="UTF-8"?>
<!-- Generated by org.testng.reporters.JUnitXMLReporter -->
<testsuite hostname="VDUDDUKU-L470" ignored="0" name="Surefire test" tests="3" failures="0" timestamp="2020-05-20T15:51:45 IST" time="280.814" errors="0">
  <testcase name="feature" time="76.776" classname="testRunner.RunCukeTest"/>
  <testcase name="feature" time="102.728" classname="testRunner.RunCukeTest"/>
  <testcase name="feature" time="100.948" classname="testRunner.RunCukeTest"/>
</testsuite> <!-- Surefire test -->
