<?xml version="1.0" encoding="UTF-8"?>
<testng-results skipped="0" failed="0" ignored="0" total="3" passed="3">
  <reporter-output>
  </reporter-output>
  <suite name="Surefire suite" duration-ms="280814" started-at="2020-05-20T15:47:05 IST" finished-at="2020-05-20T15:51:45 IST">
    <groups>
      <group name="cucumber">
        <method signature="RunCukeTest.feature(cucumber.api.testng.PickleEventWrapper, cucumber.api.testng.CucumberFeatureWrapper)[pri:0, instance:testRunner.RunCukeTest@4f970963]" name="feature" class="testRunner.RunCukeTest"/>
      </group> <!-- cucumber -->
    </groups>
    <test name="Surefire test" duration-ms="280814" started-at="2020-05-20T15:47:05 IST" finished-at="2020-05-20T15:51:45 IST">
      <class name="testRunner.RunCukeTest">
        <test-method status="PASS" signature="setUpClass()[pri:0, instance:testRunner.RunCukeTest@4f970963]" name="setUpClass" is-config="true" duration-ms="205" started-at="2020-05-20T15:47:05 IST" finished-at="2020-05-20T15:47:05 IST">
          <reporter-output>
          </reporter-output>
        </test-method> <!-- setUpClass -->
        <test-method status="PASS" signature="feature(cucumber.api.testng.PickleEventWrapper, cucumber.api.testng.CucumberFeatureWrapper)[pri:0, instance:testRunner.RunCukeTest@4f970963]" name="feature" duration-ms="76776" started-at="2020-05-20T15:47:05 IST" description="Runs Cucumber Feature" data-provider="scenarios" finished-at="2020-05-20T15:48:22 IST">
          <params>
            <param index="0">
              <value>
                <![CDATA["Regression Manager Login"]]>
              </value>
            </param>
            <param index="1">
              <value>
                <![CDATA["Regression Manager Login Test"]]>
              </value>
            </param>
          </params>
          <reporter-output>
          </reporter-output>
        </test-method> <!-- feature -->
        <test-method status="PASS" signature="feature(cucumber.api.testng.PickleEventWrapper, cucumber.api.testng.CucumberFeatureWrapper)[pri:0, instance:testRunner.RunCukeTest@4f970963]" name="feature" duration-ms="102728" started-at="2020-05-20T15:48:22 IST" description="Runs Cucumber Feature" data-provider="scenarios" finished-at="2020-05-20T15:50:04 IST">
          <params>
            <param index="0">
              <value>
                <![CDATA["Regression Manager Add"]]>
              </value>
            </param>
            <param index="1">
              <value>
                <![CDATA["Regression Manager Tests"]]>
              </value>
            </param>
          </params>
          <reporter-output>
          </reporter-output>
        </test-method> <!-- feature -->
        <test-method status="PASS" signature="feature(cucumber.api.testng.PickleEventWrapper, cucumber.api.testng.CucumberFeatureWrapper)[pri:0, instance:testRunner.RunCukeTest@4f970963]" name="feature" duration-ms="100948" started-at="2020-05-20T15:50:04 IST" description="Runs Cucumber Feature" data-provider="scenarios" finished-at="2020-05-20T15:51:45 IST">
          <params>
            <param index="0">
              <value>
                <![CDATA["Regression Manager Remove"]]>
              </value>
            </param>
            <param index="1">
              <value>
                <![CDATA["Regression Manager Tests"]]>
              </value>
            </param>
          </params>
          <reporter-output>
          </reporter-output>
        </test-method> <!-- feature -->
        <test-method status="PASS" signature="tearDownClass()[pri:0, instance:testRunner.RunCukeTest@4f970963]" name="tearDownClass" is-config="true" duration-ms="72" started-at="2020-05-20T15:51:45 IST" finished-at="2020-05-20T15:51:45 IST">
          <reporter-output>
          </reporter-output>
        </test-method> <!-- tearDownClass -->
        <test-method status="PASS" signature="html_report()[pri:0, instance:testRunner.RunCukeTest@4f970963]" name="html_report" is-config="true" duration-ms="1557" started-at="2020-05-20T15:51:45 IST" finished-at="2020-05-20T15:51:47 IST">
          <reporter-output>
          </reporter-output>
        </test-method> <!-- html_report -->
      </class> <!-- testRunner.RunCukeTest -->
    </test> <!-- Surefire test -->
  </suite> <!-- Surefire suite -->
</testng-results>
